<?xml version="1.0" encoding="UTF-8"?>
<!-- Generated by org.testng.reporters.JUnitReportReporter -->
<testsuite hostname="sweety" failures="0" tests="1" name="packge.Class1" time="4.440" errors="0" timestamp="2024-02-08T11:58:26 IST" skipped="0">
  <testcase classname="packge.Class1" name="test1" time="4.440"/>
  <system-out/>
</testsuite> <!-- packge.Class1 -->
