<?xml version="1.0" encoding="UTF-8"?>
<!-- Generated by org.testng.reporters.JUnitReportReporter -->
<testsuite hostname="sweety" failures="0" tests="1" name="testpkg.ClassTest" time="23.186" errors="0" timestamp="2024-02-28T23:04:11 IST" skipped="0">
  <testcase classname="testpkg.ClassTest" name="test1" time="23.186"/>
  <system-out/>
</testsuite> <!-- testpkg.ClassTest -->
